Arguments: 
  /home/chuksud/.nvm/versions/node/v16.13.0/bin/node /mnt/c/Users/chuks/AppData/Roaming/npm/node_modules/yarn/bin/yarn.js install

PATH: 
  /home/chuksud/.local/share/solana/install/active_release/bin:/home/chuksud/.cargo/bin:/home/chuksud/.nvm/versions/node/v16.13.0/bin:/usr/local/sbin:/usr/local/bin:/usr/sbin:/usr/bin:/sbin:/bin:/usr/games:/usr/local/games:/mnt/c/Program Files/PostgreSQL/13/bin:/mnt/c/Program Files/nodejs:/mnt/c/Program Files/Git/cmd:/mnt/c/Windows/System32:/mnt/c/WINDOWS/system32:/mnt/c/WINDOWS:/mnt/c/WINDOWS/System32/Wbem:/mnt/c/WINDOWS/System32/WindowsPowerShell/v1.0/:/mnt/c/WINDOWS/System32/OpenSSH/:/mnt/c/Program Files/nodejs/:/mnt/c/Program Files/Docker/Docker/resources/bin:/mnt/c/ProgramData/DockerDesktop/version-bin:/mnt/c/Users/chuks/.local/share/solana/install/active_release/bin:/mnt/c/Windows/System32:/mnt/c/Program Files/heroku/bin:/mnt/c/Users/chuks/AppData/Local/Programs/Microsoft VS Code/bin:/mnt/c/Users/chuks/AppData/Local/Microsoft/WindowsApps:/mnt/c/Users/chuks/AppData/Local/Programs/IPFS Desktop/resources/app.asar.unpacked/src/ipfs-on-path/scripts/bin-win:/mnt/c/Users/chuks/AppData/Roaming/npm:/snap/bin

Yarn version: 
  1.22.15

Node version: 
  16.13.0

Platform: 
  linux x64

Trace: 
  Error: ENOSPC: no space left on device, copyfile '/home/chuksud/.cache/yarn/v6/npm-oboe-2.1.4-20c88cdb0c15371bb04119257d4fdd34b0aa49f6-integrity/node_modules/oboe/test/json/twentyThousandRecords.json' -> '/mnt/c/Users/chuks/Desktop/Project/beima_core_avalanche/node_modules/oboe/test/json/twentyThousandRecords.json'

npm manifest: 
  {
    "name": "hardhat-project",
      "dependencies": {
      "@chainlink/contracts": "^0.2.2",
      "@openzeppelin/contracts": "^4.3.3",
      "dotenv": "^10.0.0",
      "global": "^4.4.0"
    },
    "devDependencies": {
      "@nomiclabs/hardhat-ethers": "^2.0.4",
      "@nomiclabs/hardhat-waffle": "^2.0.1",
      "chai": "^4.3.4",
      "chai-as-promised": "^7.1.1",
      "ethereum-waffle": "^3.4.0",
      "ethers": "^5.5.3",
      "hardhat": "^2.8.2"
    }
  }

yarn manifest: 
  No manifest

Lockfile: 
  No lockfile
